<?xml version="1.0" encoding="UTF-8"?>
<!-- Generated by org.testng.reporters.JUnitReportReporter -->
<testsuite hostname="NDI-LAP-105" failures="0" tests="2" name="testcases.EmployeeTestCase" time="16.215" errors="0" timestamp="2022-09-28T23:14:02 IST" skipped="0">
  <testcase classname="testcases.EmployeeTestCase" name="employee" time="15.669"/>
  <system-out/>
  <testcase classname="testcases.EmployeeTestCase" name="clearFiltersTest" time="0.546"/>
  <system-out/>
</testsuite> <!-- testcases.EmployeeTestCase -->
